<?xml version="1.0" encoding="UTF-8"?>
<!-- Generated by org.testng.reporters.JUnitReportReporter -->
<testsuite hostname="LAPTOP-V41578TQ" failures="0" tests="1" name="com.selenium.mybooksapp.POM.LoginPageTests" time="7.320" errors="0" timestamp="2021-02-04T16:41:28 IST" skipped="0">
  <testcase classname="com.selenium.mybooksapp.POM.LoginPageTests" name="loginUser" time="7.320"/>
  <system-out/>
</testsuite> <!-- com.selenium.mybooksapp.POM.LoginPageTests -->
