<?xml version="1.0" encoding="UTF-8"?>
<!-- Generated by org.testng.reporters.JUnitReportReporter -->
<testsuite hostname="LAPTOP-V41578TQ" failures="0" tests="1" name="com.selenium.mybooksapp.POM.RegisterPageTests" time="7.678" errors="0" timestamp="2021-02-04T16:42:38 IST" skipped="0">
  <testcase classname="com.selenium.mybooksapp.POM.RegisterPageTests" name="registerUser" time="7.678"/>
  <system-out/>
</testsuite> <!-- com.selenium.mybooksapp.POM.RegisterPageTests -->
