<?xml version="1.0" encoding="UTF-8"?>
<!-- Generated by org.testng.reporters.JUnitReportReporter -->
<testsuite hostname="LAPTOP-V41578TQ" failures="0" tests="1" name="com.selenium.mybooksapp.POM.RegisterPage" time="7.505" errors="0" timestamp="2021-02-03T15:10:48 IST" skipped="0">
  <testcase classname="com.selenium.mybooksapp.POM.RegisterPage" name="registerUser" time="7.505"/>
  <system-out/>
</testsuite> <!-- com.selenium.mybooksapp.POM.RegisterPage -->
