<?xml version="1.0" encoding="UTF-8"?>
<!-- Generated by org.testng.reporters.JUnitReportReporter -->
<testsuite hostname="LAPTOP-V41578TQ" failures="0" tests="1" name="com.selenium.mybooksapp.POM.SearchBooksPage" time="3.912" errors="0" timestamp="2021-02-03T15:40:34 IST" skipped="0">
  <testcase classname="com.selenium.mybooksapp.POM.SearchBooksPage" name="searchBooks" time="3.912"/>
  <system-out/>
</testsuite> <!-- com.selenium.mybooksapp.POM.SearchBooksPage -->
