<?xml version="1.0" encoding="UTF-8"?>
<!-- Generated by org.testng.reporters.JUnitReportReporter -->
<testsuite hostname="LAPTOP-V41578TQ" failures="0" tests="1" name="com.selenium.mybooksapp.POM.SearchBooksPageTests" time="6.119" errors="0" timestamp="2021-02-04T16:39:47 IST" skipped="0">
  <testcase classname="com.selenium.mybooksapp.POM.SearchBooksPageTests" name="searchBooks" time="6.119"/>
  <system-out/>
</testsuite> <!-- com.selenium.mybooksapp.POM.SearchBooksPageTests -->
