<?xml version="1.0" encoding="UTF-8"?>
<!-- Generated by org.testng.reporters.JUnitReportReporter -->
<testsuite hostname="LAPTOP-V41578TQ" failures="0" tests="1" name="com.selenium.mybooksapp.POM.UpdateProfilePageTests" time="7.776" errors="0" timestamp="2021-02-04T16:40:16 IST" skipped="0">
  <testcase classname="com.selenium.mybooksapp.POM.UpdateProfilePageTests" name="registerUser" time="7.776"/>
  <system-out/>
</testsuite> <!-- com.selenium.mybooksapp.POM.UpdateProfilePageTests -->
