<?xml version="1.0" encoding="UTF-8"?>
<!-- Generated by org.testng.reporters.JUnitReportReporter -->
<testsuite hostname="LAPTOP-V41578TQ" failures="0" tests="1" name="com.selenium.mybooksapp.POM.UpdateProfilePage" time="5.840" errors="0" timestamp="2021-02-03T15:42:29 IST" skipped="0">
  <testcase classname="com.selenium.mybooksapp.POM.UpdateProfilePage" name="registerUser" time="5.840"/>
  <system-out/>
</testsuite> <!-- com.selenium.mybooksapp.POM.UpdateProfilePage -->
