<?xml version="1.0" encoding="UTF-8"?>
<!-- Generated by org.testng.reporters.JUnitReportReporter -->
<testsuite hostname="DESKTOP-GD1H4LE" failures="0" tests="8" name="com.stackroute.userservice.controller.RestAssuredTests" time="6.077" errors="0" timestamp="2021-02-05T11:42:28 IST" skipped="0">
  <testcase classname="com.stackroute.userservice.controller.RestAssuredTests" name="testPostMethod" time="4.634"/>
  <system-out/>
  <testcase classname="com.stackroute.userservice.controller.RestAssuredTests" name="EnteredValidDataUserLogin" time="0.722"/>
  <system-out/>
  <testcase classname="com.stackroute.userservice.controller.RestAssuredTests" name="enteredValidDataUserRegistered" time="0.247"/>
  <system-out/>
  <testcase classname="com.stackroute.userservice.controller.RestAssuredTests" name="enteredExistingDataErrorMessage" time="0.083"/>
  <system-out/>
  <testcase classname="com.stackroute.userservice.controller.RestAssuredTests" name="updateDataSuccess" time="0.186"/>
  <system-out/>
  <testcase classname="com.stackroute.userservice.controller.RestAssuredTests" name="lastNameEnteredEmptyThenErrorMessage" time="0.071"/>
  <system-out/>
  <testcase classname="com.stackroute.userservice.controller.RestAssuredTests" name="firstNameEnteredEmptyThenErrorMessage" time="0.065"/>
  <system-out/>
  <testcase classname="com.stackroute.userservice.controller.RestAssuredTests" name="enteredInvalidCredentialsShowErrorMessage" time="0.069"/>
  <system-out/>
</testsuite> <!-- com.stackroute.userservice.controller.RestAssuredTests -->
